0 silly argv {
0 silly argv   _: [ 'create' ],
0 silly argv   lernaVersion: '3.16.4',
0 silly argv   '$0': '/Users/pilou/.npm-packages/bin/lerna',
0 silly argv   name: 'documentation'
0 silly argv }
1 notice cli v3.16.4
2 verbose rootPath /Users/pilou/dev/platyplus/platyplus
3 info versioning independent
4 error Error: canceled
4 error     at Interface.<anonymous> (/Users/pilou/dev/platyplus/platyplus/node_modules/read/lib/read.js:66:13)
4 error     at Interface.emit (events.js:209:13)
4 error     at Interface._ttyWrite (readline.js:887:16)
4 error     at ReadStream.onkeypress (readline.js:191:10)
4 error     at ReadStream.emit (events.js:209:13)
4 error     at emitKeys (internal/readline/utils.js:433:14)
4 error     at emitKeys.next (<anonymous>)
4 error     at ReadStream.onData (readline.js:1153:36)
4 error     at ReadStream.emit (events.js:209:13)
4 error     at addChunk (_stream_readable.js:305:12)
4 error     at readableAddChunk (_stream_readable.js:286:11)
4 error     at ReadStream.Readable.push (_stream_readable.js:220:10)
